빌드 시작: 2016-09-06 오후 3:05:34
     1>2 노드의 "D:\pythonTest\exText\exText\exText.vcxproj" 프로젝트(build 대상)입니다.
     1>InitializeBuildStatus:
         "AlwaysCreate"이(가) 지정되었기 때문에 "Release\extest.unsuccessfulbuild"을(를) 만들고 있습니다.
       ClCompile:
         C:\Program Files (x86)\Microsoft Visual Studio 10.0\VC\bin\CL.exe /c /IC:\Python34\include /Zi /nologo /W3 /WX- /O2 /Oi /Oy- /GL /D WIN32 /D NDEBUG /D _WINDOWS /D _USRDLL /D EXTEXT_EXPORTS /D _WINDLL /D _UNICODE /D UNICODE /Gm- /EHsc /MD /GS /Gy /fp:precise /Zc:wchar_t /Zc:forScope /Fo"Release\\" /Fd"Release\vc100.pdb" /Gd /TC /analyze- /errorReport:prompt "..\..\자료\extest.c"
         extest.c
       Link:
         C:\Program Files (x86)\Microsoft Visual Studio 10.0\VC\bin\link.exe /ERRORREPORT:PROMPT /OUT:"D:\pythonTest\exText\Release\extest.pyd" /INCREMENTAL:NO /NOLOGO /LIBPATH:C:\Python34\libs kernel32.lib user32.lib gdi32.lib winspool.lib comdlg32.lib advapi32.lib shell32.lib ole32.lib oleaut32.lib uuid.lib odbc32.lib odbccp32.lib /MANIFEST /ManifestFile:"Release\extest.pyd.intermediate.manifest" /MANIFESTUAC:"level='asInvoker' uiAccess='false'" /DEBUG /PDB:"D:\pythonTest\exText\Release\extest.pdb" /SUBSYSTEM:WINDOWS /OPT:REF /OPT:ICF /LTCG /TLBID:1 /DYNAMICBASE /NXCOMPAT /IMPLIB:"D:\pythonTest\exText\Release\extest.lib" /MACHINE:X86 /DLL Release\extest.obj
            D:\pythonTest\exText\Release\extest.lib 라이브러리 및 D:\pythonTest\exText\Release\extest.exp 개체를 생성하고 있습니다.
         코드를 생성하고 있습니다.
         코드를 생성했습니다.
         exText.vcxproj -> D:\pythonTest\exText\Release\extest.pyd
       Manifest:
         C:\Program Files (x86)\Microsoft SDKs\Windows\v7.0A\bin\mt.exe /nologo /verbose /outputresource:"D:\pythonTest\exText\Release\extest.pyd;#2" /manifest Release\extest.pyd.intermediate.manifest
       FinalizeBuildStatus:
         "Release\extest.unsuccessfulbuild" 파일을 삭제하고 있습니다.
         "Release\extest.lastbuildstate"에 연결(touching)하고 있습니다.
     1>"D:\pythonTest\exText\exText\exText.vcxproj" 프로젝트를 빌드했습니다(build 대상).

빌드했습니다.

경과 시간: 00:00:00.83
